********************************************************************************
PACKAGE-LOG: 2016-10-02 20:51:04
NOTICE: Do NOT post to public sites or forums 
********************************************************************************
VERSION:	1.1.16
WORDPRESS:	4.6.1
PHP INFO:	5.6.10 | SAPI: apache2handler
SERVER:		Apache/2.2.29 (Unix) mod_wsgi/3.5 Python/2.7.10 PHP/5.6.10 mod_ssl/2.2.29 OpenSSL/0.9.8zh DAV/2 mod_fastcgi/2.4.6 mod_perl/2.0.9 Perl/v5.22.0 
PHP TIME LIMIT: (0) no time limit imposed 
PHP MAX MEMORY: 2048M (128M default) 
MEMORY STACK: 28MB 

********************************************************************************
DATABASE:
********************************************************************************
BUILD MODE:   PHP(query limit - 100)
MYSQLTIMEOUT: 5000
MYSQLDUMP:    Not Supported 
TABLES: total:17 | filtered:0 | create:17 
FILTERED: [] 
SQL CREATED: 20160929_rimachebibstyliste_57f1732fabd324965161002205055_database.sql 
SQL FILE SIZE: 1.18MB (1234392) 
SQL FILE TIME: 2016-10-02 20:51:04 
SQL RUNTIME: 0.17 sec. 

******************************************************************************** 
ARCHIVE (ZIP): 
******************************************************************************** 
ARCHIVE DIR:  /Users/roxannesoucy/Documents/dev/wordpress 
ARCHIVE FILE: 20160929_rimachebibstyliste_57f1732fabd324965161002205055_archive.zip 
FILTERS: *OFF* 
DIRS:  not set 
EXTS:  not set 
---------------------------------------- 
COMPRESSING 
SIZE:	63.65MB 
STATS:	Dirs 331 | Files 3,046 
SQL ADDED: 20160929_rimachebibstyliste_57f1732fabd324965161002205055_database.sql 
ZipArchive Object
(
    [status] => 0
    [statusSys] => 0
    [numFiles] => 3377
    [filename] => /Users/roxannesoucy/Documents/dev/wordpress/wp-snapshots/tmp/20160929_rimachebibstyliste_57f1732fabd324965161002205055_archive.zip
    [comment] => 
)
 
COMPRESSION RESULT: '1' 
COMPRESSED SIZE: 36.48MB 
ARCHIVE RUNTIME: 9.50 sec. 
MEMORY STACK: 29.5MB 

******************************************************************************** 
MAKE INSTALLER: 
******************************************************************************** 
Build Start 
Build Finished 
Preping for use 
Template parsed with new data 
Complete [/Users/roxannesoucy/Documents/dev/wordpress/wp-snapshots/tmp/20160929_rimachebibstyliste_57f1732fabd324965161002205055_installer.php] 
Added to archive 

******************************************************************************** 
INTEGRITY CHECKS: 
******************************************************************************** 
SQL File: 1.18MB 
Installer File: 347.72KB 
Archive File: 36.48MB  

********************************************************************************
RECORD ID:[2]
TOTAL PROCESS RUNTIME: 10.21 sec.
PEAK PHP MEMORY USED: 31.5MB
DONE PROCESSING => 20160929_rimachebibstyliste 2016-10-02 20:51:14
 
